-------------------------------------------------------------------------------
Test set: br.com.srv.client.data.ApplicationTests
-------------------------------------------------------------------------------
Tests run: 1, Failures: 0, Errors: 1, Skipped: 0, Time elapsed: 2.264 s <<< FAILURE! - in br.com.srv.client.data.ApplicationTests
contextLoads  Time elapsed: 0.002 s  <<< ERROR!
java.lang.IllegalStateException: Failed to load ApplicationContext
Caused by: org.springframework.beans.factory.UnsatisfiedDependencyException: Error creating bean with name 'collectDataUseCase' defined in file [/home/alex/repository/srv-client-data/target/classes/br/com/srv/client/data/core/usecase/CollectDataUseCase.class]: Unsatisfied dependency expressed through constructor parameter 0; nested exception is org.springframework.beans.factory.UnsatisfiedDependencyException: Error creating bean with name 'collectDataGateway' defined in file [/home/alex/repository/srv-client-data/target/classes/br/com/srv/client/data/dataprovider/gateway/CollectDataGateway.class]: Unsatisfied dependency expressed through constructor parameter 0; nested exception is org.springframework.beans.factory.BeanCreationException: Error creating bean with name 'equipmentRepository' defined in br.com.srv.client.data.dataprovider.repository.EquipmentRepository defined in @EnableJpaRepositories declared on JpaRepositoriesRegistrar.EnableJpaRepositoriesConfiguration: Invocation of init method failed; nested exception is org.springframework.data.repository.query.QueryCreationException: Could not create query for public abstract java.util.List br.com.srv.client.data.dataprovider.repository.EquipmentRepository.findAllEquipment()! Reason: Validation failed for query for method public abstract java.util.List br.com.srv.client.data.dataprovider.repository.EquipmentRepository.findAllEquipment()!; nested exception is java.lang.IllegalArgumentException: Validation failed for query for method public abstract java.util.List br.com.srv.client.data.dataprovider.repository.EquipmentRepository.findAllEquipment()!
Caused by: org.springframework.beans.factory.UnsatisfiedDependencyException: Error creating bean with name 'collectDataGateway' defined in file [/home/alex/repository/srv-client-data/target/classes/br/com/srv/client/data/dataprovider/gateway/CollectDataGateway.class]: Unsatisfied dependency expressed through constructor parameter 0; nested exception is org.springframework.beans.factory.BeanCreationException: Error creating bean with name 'equipmentRepository' defined in br.com.srv.client.data.dataprovider.repository.EquipmentRepository defined in @EnableJpaRepositories declared on JpaRepositoriesRegistrar.EnableJpaRepositoriesConfiguration: Invocation of init method failed; nested exception is org.springframework.data.repository.query.QueryCreationException: Could not create query for public abstract java.util.List br.com.srv.client.data.dataprovider.repository.EquipmentRepository.findAllEquipment()! Reason: Validation failed for query for method public abstract java.util.List br.com.srv.client.data.dataprovider.repository.EquipmentRepository.findAllEquipment()!; nested exception is java.lang.IllegalArgumentException: Validation failed for query for method public abstract java.util.List br.com.srv.client.data.dataprovider.repository.EquipmentRepository.findAllEquipment()!
Caused by: org.springframework.beans.factory.BeanCreationException: Error creating bean with name 'equipmentRepository' defined in br.com.srv.client.data.dataprovider.repository.EquipmentRepository defined in @EnableJpaRepositories declared on JpaRepositoriesRegistrar.EnableJpaRepositoriesConfiguration: Invocation of init method failed; nested exception is org.springframework.data.repository.query.QueryCreationException: Could not create query for public abstract java.util.List br.com.srv.client.data.dataprovider.repository.EquipmentRepository.findAllEquipment()! Reason: Validation failed for query for method public abstract java.util.List br.com.srv.client.data.dataprovider.repository.EquipmentRepository.findAllEquipment()!; nested exception is java.lang.IllegalArgumentException: Validation failed for query for method public abstract java.util.List br.com.srv.client.data.dataprovider.repository.EquipmentRepository.findAllEquipment()!
Caused by: org.springframework.data.repository.query.QueryCreationException: Could not create query for public abstract java.util.List br.com.srv.client.data.dataprovider.repository.EquipmentRepository.findAllEquipment()! Reason: Validation failed for query for method public abstract java.util.List br.com.srv.client.data.dataprovider.repository.EquipmentRepository.findAllEquipment()!; nested exception is java.lang.IllegalArgumentException: Validation failed for query for method public abstract java.util.List br.com.srv.client.data.dataprovider.repository.EquipmentRepository.findAllEquipment()!
Caused by: java.lang.IllegalArgumentException: Validation failed for query for method public abstract java.util.List br.com.srv.client.data.dataprovider.repository.EquipmentRepository.findAllEquipment()!
Caused by: java.lang.IllegalArgumentException: 
org.hibernate.hql.internal.ast.QuerySyntaxException: equipment is not mapped [SELECT id as id, 
equipmentName as equipmentName, 
temperature as temperature 
FROM equipment 
]
Caused by: org.hibernate.hql.internal.ast.QuerySyntaxException: 
equipment is not mapped [SELECT id as id, 
equipmentName as equipmentName, 
temperature as temperature 
FROM equipment 
]
Caused by: org.hibernate.hql.internal.ast.QuerySyntaxException: equipment is not mapped

